<?xml version="1.0" encoding="UTF-8"?>
<testng-results skipped="0" failed="0" ignored="1" total="3" passed="2">
  <reporter-output>
  </reporter-output>
  <suite name="Default suite" duration-ms="41" started-at="2020-02-05T15:14:31Z" finished-at="2020-02-05T15:14:31Z">
    <groups>
    </groups>
    <test name="Default test" duration-ms="41" started-at="2020-02-05T15:14:31Z" finished-at="2020-02-05T15:14:31Z">
      <class name="testng.Customer">
        <test-method status="PASS" signature="openbrowser()[pri:0, instance:testng.Customer@6d00a15d]" name="openbrowser" is-config="true" duration-ms="12" started-at="2020-02-05T15:14:31Z" finished-at="2020-02-05T15:14:31Z">
          <reporter-output>
          </reporter-output>
        </test-method> <!-- openbrowser -->
        <test-method status="PASS" signature="create()[pri:1, instance:testng.Customer@6d00a15d]" name="create" duration-ms="5" started-at="2020-02-05T15:14:31Z" finished-at="2020-02-05T15:14:31Z">
          <reporter-output>
          </reporter-output>
        </test-method> <!-- create -->
        <test-method status="PASS" signature="login()[pri:0, instance:testng.Customer@6d00a15d]" name="login" is-config="true" duration-ms="0" started-at="2020-02-05T15:14:31Z" finished-at="2020-02-05T15:14:31Z">
          <reporter-output>
          </reporter-output>
        </test-method> <!-- login -->
        <test-method status="PASS" signature="logout()[pri:0, instance:testng.Customer@6d00a15d]" name="logout" is-config="true" duration-ms="0" started-at="2020-02-05T15:14:31Z" finished-at="2020-02-05T15:14:31Z">
          <reporter-output>
          </reporter-output>
        </test-method> <!-- logout -->
        <test-method status="PASS" signature="login()[pri:0, instance:testng.Customer@6d00a15d]" name="login" is-config="true" duration-ms="1" started-at="2020-02-05T15:14:31Z" finished-at="2020-02-05T15:14:31Z">
          <reporter-output>
          </reporter-output>
        </test-method> <!-- login -->
        <test-method status="PASS" signature="delete()[pri:3, instance:testng.Customer@6d00a15d]" name="delete" duration-ms="1" started-at="2020-02-05T15:14:31Z" finished-at="2020-02-05T15:14:31Z">
          <reporter-output>
          </reporter-output>
        </test-method> <!-- delete -->
        <test-method status="PASS" signature="logout()[pri:0, instance:testng.Customer@6d00a15d]" name="logout" is-config="true" duration-ms="1" started-at="2020-02-05T15:14:31Z" finished-at="2020-02-05T15:14:31Z">
          <reporter-output>
          </reporter-output>
        </test-method> <!-- logout -->
        <test-method status="PASS" signature="closebrowser()[pri:0, instance:testng.Customer@6d00a15d]" name="closebrowser" is-config="true" duration-ms="0" started-at="2020-02-05T15:14:31Z" finished-at="2020-02-05T15:14:31Z">
          <reporter-output>
          </reporter-output>
        </test-method> <!-- closebrowser -->
      </class> <!-- testng.Customer -->
    </test> <!-- Default test -->
  </suite> <!-- Default suite -->
</testng-results>
