<?xml version="1.0" encoding="UTF-8"?>
<!-- Generated by org.testng.reporters.JUnitXMLReporter -->
<testsuite hostname="YADHA02-BV74JC2" ignored="1" name="Default test" tests="2" failures="0" timestamp="05 Feb 2020 15:14:31 GMT" time="0.041" errors="0">
  <testcase name="create" time="0.005" classname="testng.Customer"/>
  <testcase name="delete" time="0.001" classname="testng.Customer"/>
  <testcase name="edit" time="0.0" classname="testng.Customer">
    <ignored/>
  </testcase> <!-- edit -->
</testsuite> <!-- Default test -->
